0 info it worked if it ends with ok
1 verbose cli [ '/usr/local/bin/node', '/usr/local/bin/npm', 'run', 'deploy' ]
2 info using npm@2.14.12
3 info using node@v4.3.2
4 verbose run-script [ 'predeploy', 'deploy', 'postdeploy' ]
5 info predeploy aws-lambda@1.0.0
6 verbose unsafe-perm in lifecycle true
7 info deploy aws-lambda@1.0.0
8 verbose unsafe-perm in lifecycle true
9 info aws-lambda@1.0.0 Failed to exec deploy script
10 verbose stack Error: aws-lambda@1.0.0 deploy: `aws lambda update-function-code --function-name arn:aws:lambda:us-east-1:054174521197:function:my-aws-lambda --zip-file fileb://Lambda-Deployment.zip`
10 verbose stack Exit status 255
10 verbose stack     at EventEmitter.<anonymous> (/usr/local/lib/node_modules/npm/lib/utils/lifecycle.js:214:16)
10 verbose stack     at emitTwo (events.js:87:13)
10 verbose stack     at EventEmitter.emit (events.js:172:7)
10 verbose stack     at ChildProcess.<anonymous> (/usr/local/lib/node_modules/npm/lib/utils/spawn.js:24:14)
10 verbose stack     at emitTwo (events.js:87:13)
10 verbose stack     at ChildProcess.emit (events.js:172:7)
10 verbose stack     at maybeClose (internal/child_process.js:821:16)
10 verbose stack     at Process.ChildProcess._handle.onexit (internal/child_process.js:211:5)
11 verbose pkgid aws-lambda@1.0.0
12 verbose cwd /home/mthomas/apps/aws-lambda
13 error Linux 4.4.0-66-generic
14 error argv "/usr/local/bin/node" "/usr/local/bin/npm" "run" "deploy"
15 error node v4.3.2
16 error npm  v2.14.12
17 error code ELIFECYCLE
18 error aws-lambda@1.0.0 deploy: `aws lambda update-function-code --function-name arn:aws:lambda:us-east-1:054174521197:function:my-aws-lambda --zip-file fileb://Lambda-Deployment.zip`
18 error Exit status 255
19 error Failed at the aws-lambda@1.0.0 deploy script 'aws lambda update-function-code --function-name arn:aws:lambda:us-east-1:054174521197:function:my-aws-lambda --zip-file fileb://Lambda-Deployment.zip'.
19 error This is most likely a problem with the aws-lambda package,
19 error not with npm itself.
19 error Tell the author that this fails on your system:
19 error     aws lambda update-function-code --function-name arn:aws:lambda:us-east-1:054174521197:function:my-aws-lambda --zip-file fileb://Lambda-Deployment.zip
19 error You can get their info via:
19 error     npm owner ls aws-lambda
19 error There is likely additional logging output above.
20 verbose exit [ 1, true ]
